[2022-03-30 15:17:42] [info] Start Program:
Path:"C:\Users\Razvan\Desktop\infobb\anu 1\semestru 2\programare orientata obiect\proiecte\Tema 4\Debug\Tema 4.exe"
Arguments:
Working directory: "C:\Users\Razvan\Desktop\infobb\anu 1\semestru 2\programare orientata obiect\proiecte\Tema 4\Tema 4\"
Modules: Selected: C:\Users\Razvan\Desktop\infobb\anu 1\semestru 2\programare orientata obiect\proiecte\Tema 4\Debug\Tema 4.exe Excluded: 
Sources: Selected: C:\Users\Razvan\Desktop\infobb\anu 1\semestru 2\programare orientata obiect\proiecte\Tema 4\Tema 4 Excluded: 
Log Level: Normal
Cover Children: 0
Aggregate by file: 1
Continue after C++ exception: 0
Optimized build support: 0
Export: Binary C:\Users\Razvan\AppData\Local\Temp\dfb0ymuy.ewe 
Input coverage: 
Unified diff: 
Excluded line regular expressions: 
Substitute pdb source paths: 

[2022-03-30 15:17:42] [info] Module: C:\Users\Razvan\Desktop\infobb\anu 1\semestru 2\programare orientata obiect\proiecte\Tema 4\Debug\Tema 4.exe is selected because it matches selected pattern: C:\Users\Razvan\Desktop\infobb\anu 1\semestru 2\programare orientata obiect\proiecte\Tema 4\Debug\Tema 4.exe
[2022-03-30 15:17:42] [info] ----------------------------------------------------
[2022-03-30 15:17:42] [info] Coverage binary generated in file: C:\Users\Razvan\AppData\Local\Temp\dfb0ymuy.ewe
[2022-03-30 15:17:42] [info] ----------------------------------------------------
