[2022-03-20 18:40:50] [info] Start Program:
Path:"C:\Users\Razvan\Desktop\infobb\anu 1\semestru 2\programare orientata obiect\proiecte\Tema 2\Debug\Tema 2.exe"
Arguments:
Working directory: "C:\Users\Razvan\Desktop\infobb\anu 1\semestru 2\programare orientata obiect\proiecte\Tema 2\Tema 2\"
Modules: Selected: C:\Users\Razvan\Desktop\infobb\anu 1\semestru 2\programare orientata obiect\proiecte\Tema 2\Debug\Tema 2.exe Excluded: 
Sources: Selected: C:\Users\Razvan\Desktop\infobb\anu 1\semestru 2\programare orientata obiect\proiecte\Tema 2\Tema 2 Excluded: 
Log Level: Normal
Cover Children: 0
Aggregate by file: 1
Continue after C++ exception: 0
Optimized build support: 0
Export: Binary C:\Users\Razvan\AppData\Local\Temp\ufne2p0l.y5w 
Input coverage: 
Unified diff: 
Excluded line regular expressions: 
Substitute pdb source paths: 

[2022-03-20 18:40:50] [info] Module: C:\Users\Razvan\Desktop\infobb\anu 1\semestru 2\programare orientata obiect\proiecte\Tema 2\Debug\Tema 2.exe is selected because it matches selected pattern: C:\Users\Razvan\Desktop\infobb\anu 1\semestru 2\programare orientata obiect\proiecte\Tema 2\Debug\Tema 2.exe
[2022-03-20 18:40:50] [info] ----------------------------------------------------
[2022-03-20 18:40:50] [info] Coverage binary generated in file: C:\Users\Razvan\AppData\Local\Temp\ufne2p0l.y5w
[2022-03-20 18:40:50] [info] ----------------------------------------------------
